<?xml version="1.0" encoding="UTF-8"?>
<testsuite xmlns:xsi="http://www.w3.org/2001/XMLSchema-instance" xsi:noNamespaceSchemaLocation="https://maven.apache.org/surefire/maven-surefire-plugin/xsd/surefire-test-report-3.0.xsd" version="3.0" name="br.com.fiap.GlobalSolutionJava.GlobalSolutionJavaApplicationTests" time="6.911" tests="1" errors="0" skipped="0" failures="0">
  <properties>
[...]
</properties>
  <testcase name="contextLoads" classname="br.com.fiap.GlobalSolutionJava.GlobalSolutionJavaApplicationTests" time="0.445">
    <system-out><![CDATA[21:47:34.563 [main] INFO org.springframework.test.context.support.AnnotationConfigContextLoaderUtils -- Could not detect default configuration classes for test class [br.com.fiap.GlobalSolutionJava.GlobalSolutionJavaApplicationTests]: GlobalSolutionJavaApplicationTests does not declare any static, non-private, non-final, nested classes annotated with @Configuration.
21:47:34.717 [main] INFO org.springframework.boot.test.context.SpringBootTestContextBootstrapper -- Found @SpringBootConfiguration br.com.fiap.GlobalSolutionJava.GlobalSolutionJavaApplication for test class br.com.fiap.GlobalSolutionJava.GlobalSolutionJavaApplicationTests
21:47:34.944 [main] INFO org.springframework.boot.devtools.restart.RestartApplicationListener -- Restart disabled due to context in which it is running

  .   ____          _            __ _ _
 /\\ / ___'_ __ _ _(_)_ __  __ _ \ \ \ \
( ( )\___ | '_ | '_| | '_ \/ _` | \ \ \ \
 \\/  ___)| |_)| | | | | || (_| |  ) ) ) )
  '  |____| .__|_| |_|_| |_\__, | / / / /
 =========|_|==============|___/=/_/_/_/

 :: Spring Boot ::                (v3.3.5)

2025-11-23T21:47:35.326-03:00  INFO 22700 --- [GlobalSolutionJava] [           main] c.f.G.GlobalSolutionJavaApplicationTests : Starting GlobalSolutionJavaApplicationTests using Java 21.0.7 with PID 22700 (started by vitor in C:\Users\vitor\Downloads\GS2-Cloud\GlobalSolutionJava\GlobalSolutionJava)
2025-11-23T21:47:35.327-03:00  INFO 22700 --- [GlobalSolutionJava] [           main] c.f.G.GlobalSolutionJavaApplicationTests : No active profile set, falling back to 1 default profile: "default"
2025-11-23T21:47:36.279-03:00  INFO 22700 --- [GlobalSolutionJava] [           main] .s.d.r.c.RepositoryConfigurationDelegate : Bootstrapping Spring Data JPA repositories in DEFAULT mode.
2025-11-23T21:47:36.427-03:00  INFO 22700 --- [GlobalSolutionJava] [           main] .s.d.r.c.RepositoryConfigurationDelegate : Finished Spring Data repository scanning in 142 ms. Found 3 JPA repository interfaces.
2025-11-23T21:47:36.694-03:00  INFO 22700 --- [GlobalSolutionJava] [           main] o.s.cloud.context.scope.GenericScope     : BeanFactory id=64cf9f7b-93a7-3c06-8697-86cdb6f9aaf9
2025-11-23T21:47:37.077-03:00  INFO 22700 --- [GlobalSolutionJava] [           main] com.zaxxer.hikari.HikariDataSource       : GlobalSolutionJavaHikariCP - Starting...
2025-11-23T21:47:37.551-03:00  INFO 22700 --- [GlobalSolutionJava] [           main] com.zaxxer.hikari.pool.HikariPool        : GlobalSolutionJavaHikariCP - Added connection ConnectionID:1 ClientConnectionId: dd3ca7f7-6627-404e-944b-1250e454cb49
2025-11-23T21:47:37.554-03:00  INFO 22700 --- [GlobalSolutionJava] [           main] com.zaxxer.hikari.HikariDataSource       : GlobalSolutionJavaHikariCP - Start completed.
2025-11-23T21:47:37.598-03:00  INFO 22700 --- [GlobalSolutionJava] [           main] o.hibernate.jpa.internal.util.LogHelper  : HHH000204: Processing PersistenceUnitInfo [name: default]
2025-11-23T21:47:37.658-03:00  INFO 22700 --- [GlobalSolutionJava] [           main] org.hibernate.Version                    : HHH000412: Hibernate ORM core version 6.5.3.Final
2025-11-23T21:47:37.693-03:00  INFO 22700 --- [GlobalSolutionJava] [           main] o.h.c.internal.RegionFactoryInitiator    : HHH000026: Second-level cache disabled
2025-11-23T21:47:38.025-03:00  INFO 22700 --- [GlobalSolutionJava] [           main] o.s.o.j.p.SpringPersistenceUnitInfo      : No LoadTimeWeaver setup: ignoring JPA class transformer
2025-11-23T21:47:38.967-03:00  INFO 22700 --- [GlobalSolutionJava] [           main] o.h.e.t.j.p.i.JtaPlatformInitiator       : HHH000489: No JTA platform available (set 'hibernate.transaction.jta.platform' to enable JTA platform integration)
2025-11-23T21:47:38.977-03:00  INFO 22700 --- [GlobalSolutionJava] [           main] j.LocalContainerEntityManagerFactoryBean : Initialized JPA EntityManagerFactory for persistence unit 'default'
2025-11-23T21:47:39.317-03:00  INFO 22700 --- [GlobalSolutionJava] [           main] r$InitializeUserDetailsManagerConfigurer : Global AuthenticationManager configured with UserDetailsService bean with name authService
2025-11-23T21:47:39.565-03:00  WARN 22700 --- [GlobalSolutionJava] [           main] JpaBaseConfiguration$JpaWebConfiguration : spring.jpa.open-in-view is enabled by default. Therefore, database queries may be performed during view rendering. Explicitly configure spring.jpa.open-in-view to disable this warning
2025-11-23T21:47:40.296-03:00  INFO 22700 --- [GlobalSolutionJava] [           main] c.a.c.h.n.implementation.NettyUtility    : {"az.sdk.message":"The following Netty versions were found on the classpath and have a mismatch with the versions used by azure-core-http-netty. If your application runs without issue this message can be ignored, otherwise please align the Netty versions used in your application. For more information, see https://aka.ms/azsdk/java/dependency/troubleshoot.","azure-netty-version":"4.1.123.Final","azure-netty-native-version":"2.0.72.Final","classpath-netty-version-io.netty:netty-common":"4.1.114.Final","classpath-netty-version-io.netty:netty-handler":"4.1.114.Final","classpath-netty-version-io.netty:netty-handler-proxy":"4.1.114.Final","classpath-netty-version-io.netty:netty-buffer":"4.1.114.Final","classpath-netty-version-io.netty:netty-codec":"4.1.114.Final","classpath-netty-version-io.netty:netty-codec-http":"4.1.114.Final","classpath-netty-version-io.netty:netty-codec-http2":"4.1.114.Final","classpath-netty-version-io.netty:netty-transport-native-unix-common":"4.1.114.Final","classpath-netty-version-io.netty:netty-transport-native-epoll":"4.1.114.Final","classpath-netty-version-io.netty:netty-transport-native-kqueue":"4.1.114.Final","classpath-native-netty-version-io.netty:netty-tcnative-boringssl-static":"2.0.66.Final"}
2025-11-23T21:47:40.734-03:00  INFO 22700 --- [GlobalSolutionJava] [           main] c.f.G.GlobalSolutionJavaApplicationTests : Started GlobalSolutionJavaApplicationTests in 5.825 seconds (process running for 7.059)
]]></system-out>
    <system-err><![CDATA[WARNING: A Java agent has been loaded dynamically (C:\Users\vitor\.m2\repository\net\bytebuddy\byte-buddy-agent\1.14.19\byte-buddy-agent-1.14.19.jar)
WARNING: If a serviceability tool is in use, please run with -XX:+EnableDynamicAgentLoading to hide this warning
WARNING: If a serviceability tool is not in use, please run with -Djdk.instrument.traceUsage for more information
WARNING: Dynamic loading of agents will be disallowed by default in a future release
]]></system-err>
  </testcase>
</testsuite>